
node:internal/process/promises:289
            triggerUncaughtException(err, true /* fromPromise */);
            ^
AxiosError: Request failed with status code 500
    at settle (/var/www/jst_db/node_modules/.pnpm/axios@1.7.2/node_modules/axios/dist/node/axios.cjs:1983:12)
    at IncomingMessage.handleStreamEnd (/var/www/jst_db/node_modules/.pnpm/axios@1.7.2/node_modules/axios/dist/node/axios.cjs:3085:11)
    at IncomingMessage.emit (node:events:531:35)
    at endReadableNT (node:internal/streams/readable:1696:12)
    at process.processTicksAndRejections (node:internal/process/task_queues:82:21)
    at Axios.request (/var/www/jst_db/node_modules/.pnpm/axios@1.7.2/node_modules/axios/dist/node/axios.cjs:4224:41)
    at process.processTicksAndRejections (node:internal/process/task_queues:95:5)
    at async createLog (/var/www/jst_db/utils/log.js:20:20) {
  code: 'ERR_BAD_RESPONSE',
  config: {
    transitional: {
      silentJSONParsing: true,
      forcedJSONParsing: true,
      clarifyTimeoutError: false
    },
    adapter: [ 'xhr', 'http', 'fetch' ],
    transformRequest: [ [Function: transformRequest] ],
    transformResponse: [ [Function: transformResponse] ],
    timeout: 0,
    xsrfCookieName: 'XSRF-TOKEN',
    xsrfHeaderName: 'X-XSRF-TOKEN',
    maxContentLength: -1,
    maxBodyLength: -1,
    env: {
      FormData: [Function: FormData] {
        LINE_BREAK: '\r\n',
        DEFAULT_CONTENT_TYPE: 'application/octet-stream'
      },
      Blob: [class Blob]
    },
    validateStatus: [Function: validateStatus],
    headers: Object [AxiosHeaders] {
      Accept: 'application/json, text/plain, */*',
      'Content-Type': 'application/json',
      'User-Agent': 'axios/1.7.2',
      'Content-Length': '154',
      'Accept-Encoding': 'gzip, compress, deflate, br'
    },
    params: { access_token: 'ZhLYyVxKnTCFktRuA4jAHBl9uLwACLBn' },
    method: 'post',
    url: 'http://oa.m.com/items/jst_run_log',
    data: '{"begin_datetime":"2024-07-18 14:10:00","end_datetime":"2024-07-18 14:15:00","count":0,"database_name":"商品库存","note":"御梦分仓","status":true}'
  },
  request: <ref *3> ClientRequest {
    _events: [Object: null prototype] {
      abort: [Function (anonymous)],
      aborted: [Function (anonymous)],
      connect: [Function (anonymous)],
      error: [Function (anonymous)],
      socket: [Function (anonymous)],
      timeout: [Function (anonymous)],
      finish: [Function: requestOnFinish]
    },
    _eventsCount: 7,
    _maxListeners: undefined,
    outputData: [],
    outputSize: 0,
    writable: true,
    destroyed: true,
    _last: false,
    chunkedEncoding: false,
    shouldKeepAlive: true,
    maxRequestsOnConnectionReached: false,
    _defaultKeepAlive: true,
    useChunkedEncodingByDefault: true,
    sendDate: false,
    _removedConnection: false,
    _removedContLen: false,
    _removedTE: false,
    strictContentLength: false,
    _contentLength: '154',
    _hasBody: true,
    _trailer: '',
    finished: true,
    _headerSent: true,
    _closed: true,
    socket: <ref *1> Socket {
      connecting: false,
      _hadError: false,
      _parent: null,
      _host: 'oa.m.com',
      _closeAfterHandlingError: false,
      _events: {
        close: [Function: onClose],
        error: [Function: bound onceWrapper] {
          listener: [Function: freeSocketErrorListener]
        },
        prefinish: undefined,
        finish: undefined,
        drain: undefined,
        data: undefined,
        end: [Function: onReadableStreamEnd],
        readable: undefined,
        connect: undefined,
        free: [Function: onFree],
        timeout: [Function: onTimeout],
        agentRemove: [Function: onRemove]
      },
      _readableState: ReadableState {
        highWaterMark: 16384,
        buffer: [],
        bufferIndex: 0,
        length: 0,
        pipes: [],
        awaitDrainWriters: null,
        [Symbol(kState)]: 60303620
      },
      _writableState: WritableState {
        highWaterMark: 16384,
        length: 0,
        corked: 0,
        onwrite: [Function: bound onwrite],
        writelen: 0,
        bufferedIndex: 0,
        pendingcb: 0,
        [Symbol(kState)]: 17563908,
        [Symbol(kBufferedValue)]: null,
        [Symbol(kWriteCbValue)]: [Function (anonymous)]
      },
      allowHalfOpen: false,
      _maxListeners: undefined,
      _eventsCount: 6,
      _sockname: null,
      _pendingData: null,
      _pendingEncoding: '',
      server: null,
      _server: null,
      timeout: 5000,
      parser: null,
      _httpMessage: null,
      [Symbol(async_id_symbol)]: -1,
      [Symbol(kHandle)]: TCP {
        reading: true,
        onconnection: null,
        [Symbol(owner_symbol)]: [Circular *1]
      },
      [Symbol(lastWriteQueueSize)]: 0,
      [Symbol(timeout)]: <ref *2> Timeout {
        _idleTimeout: 5000,
        _idlePrev: TimersList {
          _idleNext: [Circular *2],
          _idlePrev: [Circular *2],
          expiry: 269079178,
          id: -9007199254645891,
          msecs: 5000,
          priorityQueuePosition: 1
        },
        _idleNext: TimersList {
          _idleNext: [Circular *2],
          _idlePrev: [Circular *2],
          expiry: 269079178,
          id: -9007199254645891,
          msecs: 5000,
          priorityQueuePosition: 1
        },
        _idleStart: 269074180,
        _onTimeout: [Function: bound ],
        _timerArgs: undefined,
        _repeat: null,
        _destroyed: false,
        [Symbol(refed)]: false,
        [Symbol(kHasPrimitive)]: false,
        [Symbol(asyncId)]: 1773207,
        [Symbol(triggerId)]: 1773205
      },
      [Symbol(kBuffer)]: null,
      [Symbol(kBufferCb)]: null,
      [Symbol(kBufferGen)]: null,
      [Symbol(shapeMode)]: true,
      [Symbol(kCapture)]: false,
      [Symbol(kSetNoDelay)]: true,
      [Symbol(kSetKeepAlive)]: true,
      [Symbol(kSetKeepAliveInitialDelay)]: 1,
      [Symbol(kBytesRead)]: 0,
      [Symbol(kBytesWritten)]: 0
    },
    _header: 'POST /items/jst_run_log?access_token=ZhLYyVxKnTCFktRuA4jAHBl9uLwACLBn HTTP/1.1\r\n' +
      'Accept: application/json, text/plain, */*\r\n' +
      'Content-Type: application/json\r\n' +
      'User-Agent: axios/1.7.2\r\n' +
      'Content-Length: 154\r\n' +
      'Accept-Encoding: gzip, compress, deflate, br\r\n' +
      'Host: oa.m.com\r\n' +
      'Connection: keep-alive\r\n' +
      '\r\n',
    _keepAliveTimeout: 0,
    _onPendingData: [Function: nop],
    agent: Agent {
      _events: [Object: null prototype] {
        free: [Function (anonymous)],
        newListener: [Function: maybeEnableKeylog]
      },
      _eventsCount: 2,
      _maxListeners: undefined,
      defaultPort: 80,
      protocol: 'http:',
      options: [Object: null prototype] {
        keepAlive: true,
        scheduling: 'lifo',
        timeout: 5000,
        noDelay: true,
        path: null
      },
      requests: [Object: null prototype] {},
      sockets: [Object: null prototype] {},
      freeSockets: [Object: null prototype] {
        'oa.m.com:80:': [
          <ref *1> Socket {
            connecting: false,
            _hadError: false,
            _parent: null,
            _host: 'oa.m.com',
            _closeAfterHandlingError: false,
            _events: [Object],
            _readableState: [ReadableState],
            _writableState: [WritableState],
            allowHalfOpen: false,
            _maxListeners: undefined,
            _eventsCount: 6,
            _sockname: null,
            _pendingData: null,
            _pendingEncoding: '',
            server: null,
            _server: null,
            timeout: 5000,
            parser: null,
            _httpMessage: null,
            [Symbol(async_id_symbol)]: -1,
            [Symbol(kHandle)]: [TCP],
            [Symbol(lastWriteQueueSize)]: 0,
            [Symbol(timeout)]: [Timeout],
            [Symbol(kBuffer)]: null,
            [Symbol(kBufferCb)]: null,
            [Symbol(kBufferGen)]: null,
            [Symbol(shapeMode)]: true,
            [Symbol(kCapture)]: false,
            [Symbol(kSetNoDelay)]: true,
            [Symbol(kSetKeepAlive)]: true,
            [Symbol(kSetKeepAliveInitialDelay)]: 1,
            [Symbol(kBytesRead)]: 0,
            [Symbol(kBytesWritten)]: 0
          }
        ]
      },
      keepAliveMsecs: 1000,
      keepAlive: true,
      maxSockets: Infinity,
      maxFreeSockets: 256,
      scheduling: 'lifo',
      maxTotalSockets: Infinity,
      totalSocketCount: 1,
      [Symbol(shapeMode)]: false,
      [Symbol(kCapture)]: false
    },
    socketPath: undefined,
    method: 'POST',
    maxHeaderSize: undefined,
    insecureHTTPParser: undefined,
    joinDuplicateHeaders: undefined,
    path: '/items/jst_run_log?access_token=ZhLYyVxKnTCFktRuA4jAHBl9uLwACLBn',
    _ended: true,
    res: IncomingMessage {
      _events: {
        close: undefined,
        error: [Function: handleStreamError],
        data: [Function: handleStreamData],
        end: [ [Function: responseOnEnd], [Function: handleStreamEnd] ],
        readable: undefined,
        finish: undefined,
        aborted: [Function: handlerStreamAborted]
      },
      _readableState: ReadableState {
        highWaterMark: 16384,
        buffer: [],
        bufferIndex: 0,
        length: 0,
        pipes: [],
        awaitDrainWriters: null,
        [Symbol(kState)]: 194779004
      },
      _maxListeners: undefined,
      socket: null,
      httpVersionMajor: 1,
      httpVersionMinor: 1,
      httpVersion: '1.1',
      complete: true,
      rawHeaders: [
        'Server',
        'nginx/1.18.0 (Ubuntu)',
        'Date',
        'Thu, 18 Jul 2024 06:17:35 GMT',
        'Content-Type',
        'application/json; charset=utf-8',
        'Content-Length',
        '102',
        'Connection',
        'keep-alive',
        'Content-Security-Policy',
        "script-src 'self' 'unsafe-eval';worker-src 'self' blob:;child-src 'self' blob:;img-src 'self' data: blob:;media-src 'self';connect-src 'self' https://*;default-src 'self';base-uri 'self';font-src 'self' https: data:;form-action 'self';frame-ancestors 'self';object-src 'none';script-src-attr 'none';style-src 'self' https: 'unsafe-inline'",
        'X-Powered-By',
        'Directus',
        'Vary',
        'Origin',
        'Access-Control-Allow-Credentials',
        'true',
        'Access-Control-Expose-Headers',
        'Content-Range',
        'ETag',
        'W/"66-Nud5VyBm1ylGuQBca9jYWsctOKg"'
      ],
      rawTrailers: [],
      joinDuplicateHeaders: undefined,
      aborted: false,
      upgrade: false,
      url: '',
      method: null,
      statusCode: 500,
      statusMessage: 'Internal Server Error',
      client: <ref *1> Socket {
        connecting: false,
        _hadError: false,
        _parent: null,
        _host: 'oa.m.com',
        _closeAfterHandlingError: false,
        _events: {
          close: [Function: onClose],
          error: [Function: bound onceWrapper] {
            listener: [Function: freeSocketErrorListener]
          },
          prefinish: undefined,
          finish: undefined,
          drain: undefined,
          data: undefined,
          end: [Function: onReadableStreamEnd],
          readable: undefined,
          connect: undefined,
          free: [Function: onFree],
          timeout: [Function: onTimeout],
          agentRemove: [Function: onRemove]
        },
        _readableState: ReadableState {
          highWaterMark: 16384,
          buffer: [],
          bufferIndex: 0,
          length: 0,
          pipes: [],
          awaitDrainWriters: null,
          [Symbol(kState)]: 60303620
        },
        _writableState: WritableState {
          highWaterMark: 16384,
          length: 0,
          corked: 0,
          onwrite: [Function: bound onwrite],
          writelen: 0,
          bufferedIndex: 0,
          pendingcb: 0,
          [Symbol(kState)]: 17563908,
          [Symbol(kBufferedValue)]: null,
          [Symbol(kWriteCbValue)]: [Function (anonymous)]
        },
        allowHalfOpen: false,
        _maxListeners: undefined,
        _eventsCount: 6,
        _sockname: null,
        _pendingData: null,
        _pendingEncoding: '',
        server: null,
        _server: null,
        timeout: 5000,
        parser: null,
        _httpMessage: null,
        [Symbol(async_id_symbol)]: -1,
        [Symbol(kHandle)]: TCP {
          reading: true,
          onconnection: null,
          [Symbol(owner_symbol)]: [Circular *1]
        },
        [Symbol(lastWriteQueueSize)]: 0,
        [Symbol(timeout)]: <ref *2> Timeout {
          _idleTimeout: 5000,
          _idlePrev: TimersList {
            _idleNext: [Circular *2],
            _idlePrev: [Circular *2],
            expiry: 269079178,
            id: -9007199254645891,
            msecs: 5000,
            priorityQueuePosition: 1
          },
          _idleNext: TimersList {
            _idleNext: [Circular *2],
            _idlePrev: [Circular *2],
            expiry: 269079178,
            id: -9007199254645891,
            msecs: 5000,
            priorityQueuePosition: 1
          },
          _idleStart: 269074180,
          _onTimeout: [Function: bound ],
          _timerArgs: undefined,
          _repeat: null,
          _destroyed: false,
          [Symbol(refed)]: false,
          [Symbol(kHasPrimitive)]: false,
          [Symbol(asyncId)]: 1773207,
          [Symbol(triggerId)]: 1773205
        },
        [Symbol(kBuffer)]: null,
        [Symbol(kBufferCb)]: null,
        [Symbol(kBufferGen)]: null,
        [Symbol(shapeMode)]: true,
        [Symbol(kCapture)]: false,
        [Symbol(kSetNoDelay)]: true,
        [Symbol(kSetKeepAlive)]: true,
        [Symbol(kSetKeepAliveInitialDelay)]: 1,
        [Symbol(kBytesRead)]: 0,
        [Symbol(kBytesWritten)]: 0
      },
      _consuming: false,
      _dumped: false,
      req: [Circular *3],
      _eventsCount: 4,
      responseUrl: 'http://oa.m.com/items/jst_run_log?access_token=ZhLYyVxKnTCFktRuA4jAHBl9uLwACLBn',
      redirects: [],
      [Symbol(shapeMode)]: true,
      [Symbol(kCapture)]: false,
      [Symbol(kHeaders)]: {
        server: 'nginx/1.18.0 (Ubuntu)',
        date: 'Thu, 18 Jul 2024 06:17:35 GMT',
        'content-type': 'application/json; charset=utf-8',
        'content-length': '102',
        connection: 'keep-alive',
        'content-security-policy': "script-src 'self' 'unsafe-eval';worker-src 'self' blob:;child-src 'self' blob:;img-src 'self' data: blob:;media-src 'self';connect-src 'self' https://*;default-src 'self';base-uri 'self';font-src 'self' https: data:;form-action 'self';frame-ancestors 'self';object-src 'none';script-src-attr 'none';style-src 'self' https: 'unsafe-inline'",
        'x-powered-by': 'Directus',
        vary: 'Origin',
        'access-control-allow-credentials': 'true',
        'access-control-expose-headers': 'Content-Range',
        etag: 'W/"66-Nud5VyBm1ylGuQBca9jYWsctOKg"'
      },
      [Symbol(kHeadersCount)]: 22,
      [Symbol(kTrailers)]: null,
      [Symbol(kTrailersCount)]: 0
    },
    aborted: false,
    timeoutCb: null,
    upgradeOrConnect: false,
    parser: null,
    maxHeadersCount: null,
    reusedSocket: false,
    host: 'oa.m.com',
    protocol: 'http:',
    _redirectable: Writable {
      _events: {
        close: undefined,
        error: [Function: handleRequestError],
        prefinish: undefined,
        finish: undefined,
        drain: undefined,
        response: [Function: handleResponse],
        socket: [Function: handleRequestSocket]
      },
      _writableState: WritableState {
        highWaterMark: 16384,
        length: 0,
        corked: 0,
        onwrite: [Function: bound onwrite],
        writelen: 0,
        bufferedIndex: 0,
        pendingcb: 0,
        [Symbol(kState)]: 17580812,
        [Symbol(kBufferedValue)]: null
      },
      _maxListeners: undefined,
      _options: {
        maxRedirects: 21,
        maxBodyLength: Infinity,
        protocol: 'http:',
        path: '/items/jst_run_log?access_token=ZhLYyVxKnTCFktRuA4jAHBl9uLwACLBn',
        method: 'POST',
        headers: [Object: null prototype] {
          Accept: 'application/json, text/plain, */*',
          'Content-Type': 'application/json',
          'User-Agent': 'axios/1.7.2',
          'Content-Length': '154',
          'Accept-Encoding': 'gzip, compress, deflate, br'
        },
        agents: { http: undefined, https: undefined },
        auth: undefined,
        family: undefined,
        beforeRedirect: [Function: dispatchBeforeRedirect],
        beforeRedirects: { proxy: [Function: beforeRedirect] },
        hostname: 'oa.m.com',
        port: '',
        agent: undefined,
        nativeProtocols: {
          'http:': {
            _connectionListener: [Function: connectionListener],
            METHODS: [Array],
            STATUS_CODES: [Object],
            Agent: [Function],
            ClientRequest: [Function: ClientRequest],
            IncomingMessage: [Function: IncomingMessage],
            OutgoingMessage: [Function: OutgoingMessage],
            Server: [Function: Server],
            ServerResponse: [Function: ServerResponse],
            createServer: [Function: createServer],
            validateHeaderName: [Function],
            validateHeaderValue: [Function],
            get: [Function: get],
            request: [Function: request],
            setMaxIdleHTTPParsers: [Function: setMaxIdleHTTPParsers],
            maxHeaderSize: [Getter],
            globalAgent: [Getter/Setter]
          },
          'https:': {
            Agent: [Function: Agent],
            globalAgent: [Agent],
            Server: [Function: Server],
            createServer: [Function: createServer],
            get: [Function: get],
            request: [Function: request]
          }
        },
        pathname: '/items/jst_run_log',
        search: '?access_token=ZhLYyVxKnTCFktRuA4jAHBl9uLwACLBn'
      },
      _ended: true,
      _ending: true,
      _redirectCount: 0,
      _redirects: [],
      _requestBodyLength: 154,
      _requestBodyBuffers: [],
      _eventsCount: 3,
      _onNativeResponse: [Function (anonymous)],
      _currentRequest: [Circular *3],
      _currentUrl: 'http://oa.m.com/items/jst_run_log?access_token=ZhLYyVxKnTCFktRuA4jAHBl9uLwACLBn',
      [Symbol(shapeMode)]: true,
      [Symbol(kCapture)]: false
    },
    [Symbol(shapeMode)]: false,
    [Symbol(kCapture)]: false,
    [Symbol(kBytesWritten)]: 0,
    [Symbol(kNeedDrain)]: false,
    [Symbol(corked)]: 0,
    [Symbol(kOutHeaders)]: [Object: null prototype] {
      accept: [ 'Accept', 'application/json, text/plain, */*' ],
      'content-type': [ 'Content-Type', 'application/json' ],
      'user-agent': [ 'User-Agent', 'axios/1.7.2' ],
      'content-length': [ 'Content-Length', '154' ],
      'accept-encoding': [ 'Accept-Encoding', 'gzip, compress, deflate, br' ],
      host: [ 'Host', 'oa.m.com' ]
    },
    [Symbol(errored)]: null,
    [Symbol(kHighWaterMark)]: 16384,
    [Symbol(kRejectNonStandardBodyWrites)]: false,
    [Symbol(kUniqueHeaders)]: null
  },
  response: {
    status: 500,
    statusText: 'Internal Server Error',
    headers: Object [AxiosHeaders] {
      server: 'nginx/1.18.0 (Ubuntu)',
      date: 'Thu, 18 Jul 2024 06:17:35 GMT',
      'content-type': 'application/json; charset=utf-8',
      'content-length': '102',
      connection: 'keep-alive',
      'content-security-policy': "script-src 'self' 'unsafe-eval';worker-src 'self' blob:;child-src 'self' blob:;img-src 'self' data: blob:;media-src 'self';connect-src 'self' https://*;default-src 'self';base-uri 'self';font-src 'self' https: data:;form-action 'self';frame-ancestors 'self';object-src 'none';script-src-attr 'none';style-src 'self' https: 'unsafe-inline'",
      'x-powered-by': 'Directus',
      vary: 'Origin',
      'access-control-allow-credentials': 'true',
      'access-control-expose-headers': 'Content-Range',
      etag: 'W/"66-Nud5VyBm1ylGuQBca9jYWsctOKg"'
    },
    config: {
      transitional: {
        silentJSONParsing: true,
        forcedJSONParsing: true,
        clarifyTimeoutError: false
      },
      adapter: [ 'xhr', 'http', 'fetch' ],
      transformRequest: [ [Function: transformRequest] ],
      transformResponse: [ [Function: transformResponse] ],
      timeout: 0,
      xsrfCookieName: 'XSRF-TOKEN',
      xsrfHeaderName: 'X-XSRF-TOKEN',
      maxContentLength: -1,
      maxBodyLength: -1,
      env: {
        FormData: [Function: FormData] {
          LINE_BREAK: '\r\n',
          DEFAULT_CONTENT_TYPE: 'application/octet-stream'
        },
        Blob: [class Blob]
      },
      validateStatus: [Function: validateStatus],
      headers: Object [AxiosHeaders] {
        Accept: 'application/json, text/plain, */*',
        'Content-Type': 'application/json',
        'User-Agent': 'axios/1.7.2',
        'Content-Length': '154',
        'Accept-Encoding': 'gzip, compress, deflate, br'
      },
      params: { access_token: 'ZhLYyVxKnTCFktRuA4jAHBl9uLwACLBn' },
      method: 'post',
      url: 'http://oa.m.com/items/jst_run_log',
      data: '{"begin_datetime":"2024-07-18 14:10:00","end_datetime":"2024-07-18 14:15:00","count":0,"database_name":"商品库存","note":"御梦分仓","status":true}'
    },
    request: <ref *3> ClientRequest {
      _events: [Object: null prototype] {
        abort: [Function (anonymous)],
        aborted: [Function (anonymous)],
        connect: [Function (anonymous)],
        error: [Function (anonymous)],
        socket: [Function (anonymous)],
        timeout: [Function (anonymous)],
        finish: [Function: requestOnFinish]
      },
      _eventsCount: 7,
      _maxListeners: undefined,
      outputData: [],
      outputSize: 0,
      writable: true,
      destroyed: true,
      _last: false,
      chunkedEncoding: false,
      shouldKeepAlive: true,
      maxRequestsOnConnectionReached: false,
      _defaultKeepAlive: true,
      useChunkedEncodingByDefault: true,
      sendDate: false,
      _removedConnection: false,
      _removedContLen: false,
      _removedTE: false,
      strictContentLength: false,
      _contentLength: '154',
      _hasBody: true,
      _trailer: '',
      finished: true,
      _headerSent: true,
      _closed: true,
      socket: <ref *1> Socket {
        connecting: false,
        _hadError: false,
        _parent: null,
        _host: 'oa.m.com',
        _closeAfterHandlingError: false,
        _events: {
          close: [Function: onClose],
          error: [Function: bound onceWrapper] {
            listener: [Function: freeSocketErrorListener]
          },
          prefinish: undefined,
          finish: undefined,
          drain: undefined,
          data: undefined,
          end: [Function: onReadableStreamEnd],
          readable: undefined,
          connect: undefined,
          free: [Function: onFree],
          timeout: [Function: onTimeout],
          agentRemove: [Function: onRemove]
        },
        _readableState: ReadableState {
          highWaterMark: 16384,
          buffer: [],
          bufferIndex: 0,
          length: 0,
          pipes: [],
          awaitDrainWriters: null,
          [Symbol(kState)]: 60303620
        },
        _writableState: WritableState {
          highWaterMark: 16384,
          length: 0,
          corked: 0,
          onwrite: [Function: bound onwrite],
          writelen: 0,
          bufferedIndex: 0,
          pendingcb: 0,
          [Symbol(kState)]: 17563908,
          [Symbol(kBufferedValue)]: null,
          [Symbol(kWriteCbValue)]: [Function (anonymous)]
        },
        allowHalfOpen: false,
        _maxListeners: undefined,
        _eventsCount: 6,
        _sockname: null,
        _pendingData: null,
        _pendingEncoding: '',
        server: null,
        _server: null,
        timeout: 5000,
        parser: null,
        _httpMessage: null,
        [Symbol(async_id_symbol)]: -1,
        [Symbol(kHandle)]: TCP {
          reading: true,
          onconnection: null,
          [Symbol(owner_symbol)]: [Circular *1]
        },
        [Symbol(lastWriteQueueSize)]: 0,
        [Symbol(timeout)]: <ref *2> Timeout {
          _idleTimeout: 5000,
          _idlePrev: TimersList {
            _idleNext: [Circular *2],
            _idlePrev: [Circular *2],
            expiry: 269079178,
            id: -9007199254645891,
            msecs: 5000,
            priorityQueuePosition: 1
          },
          _idleNext: TimersList {
            _idleNext: [Circular *2],
            _idlePrev: [Circular *2],
            expiry: 269079178,
            id: -9007199254645891,
            msecs: 5000,
            priorityQueuePosition: 1
          },
          _idleStart: 269074180,
          _onTimeout: [Function: bound ],
          _timerArgs: undefined,
          _repeat: null,
          _destroyed: false,
          [Symbol(refed)]: false,
          [Symbol(kHasPrimitive)]: false,
          [Symbol(asyncId)]: 1773207,
          [Symbol(triggerId)]: 1773205
        },
        [Symbol(kBuffer)]: null,
        [Symbol(kBufferCb)]: null,
        [Symbol(kBufferGen)]: null,
        [Symbol(shapeMode)]: true,
        [Symbol(kCapture)]: false,
        [Symbol(kSetNoDelay)]: true,
        [Symbol(kSetKeepAlive)]: true,
        [Symbol(kSetKeepAliveInitialDelay)]: 1,
        [Symbol(kBytesRead)]: 0,
        [Symbol(kBytesWritten)]: 0
      },
      _header: 'POST /items/jst_run_log?access_token=ZhLYyVxKnTCFktRuA4jAHBl9uLwACLBn HTTP/1.1\r\n' +
        'Accept: application/json, text/plain, */*\r\n' +
        'Content-Type: application/json\r\n' +
        'User-Agent: axios/1.7.2\r\n' +
        'Content-Length: 154\r\n' +
        'Accept-Encoding: gzip, compress, deflate, br\r\n' +
        'Host: oa.m.com\r\n' +
        'Connection: keep-alive\r\n' +
        '\r\n',
      _keepAliveTimeout: 0,
      _onPendingData: [Function: nop],
      agent: Agent {
        _events: [Object: null prototype] {
          free: [Function (anonymous)],
          newListener: [Function: maybeEnableKeylog]
        },
        _eventsCount: 2,
        _maxListeners: undefined,
        defaultPort: 80,
        protocol: 'http:',
        options: [Object: null prototype] {
          keepAlive: true,
          scheduling: 'lifo',
          timeout: 5000,
          noDelay: true,
          path: null
        },
        requests: [Object: null prototype] {},
        sockets: [Object: null prototype] {},
        freeSockets: [Object: null prototype] { 'oa.m.com:80:': [ [Socket] ] },
        keepAliveMsecs: 1000,
        keepAlive: true,
        maxSockets: Infinity,
        maxFreeSockets: 256,
        scheduling: 'lifo',
        maxTotalSockets: Infinity,
        totalSocketCount: 1,
        [Symbol(shapeMode)]: false,
        [Symbol(kCapture)]: false
      },
      socketPath: undefined,
      method: 'POST',
      maxHeaderSize: undefined,
      insecureHTTPParser: undefined,
      joinDuplicateHeaders: undefined,
      path: '/items/jst_run_log?access_token=ZhLYyVxKnTCFktRuA4jAHBl9uLwACLBn',
      _ended: true,
      res: IncomingMessage {
        _events: {
          close: undefined,
          error: [Function: handleStreamError],
          data: [Function: handleStreamData],
          end: [ [Function: responseOnEnd], [Function: handleStreamEnd] ],
          readable: undefined,
          finish: undefined,
          aborted: [Function: handlerStreamAborted]
        },
        _readableState: ReadableState {
          highWaterMark: 16384,
          buffer: [],
          bufferIndex: 0,
          length: 0,
          pipes: [],
          awaitDrainWriters: null,
          [Symbol(kState)]: 194779004
        },
        _maxListeners: undefined,
        socket: null,
        httpVersionMajor: 1,
        httpVersionMinor: 1,
        httpVersion: '1.1',
        complete: true,
        rawHeaders: [
          'Server',
          'nginx/1.18.0 (Ubuntu)',
          'Date',
          'Thu, 18 Jul 2024 06:17:35 GMT',
          'Content-Type',
          'application/json; charset=utf-8',
          'Content-Length',
          '102',
          'Connection',
          'keep-alive',
          'Content-Security-Policy',
          "script-src 'self' 'unsafe-eval';worker-src 'self' blob:;child-src 'self' blob:;img-src 'self' data: blob:;media-src 'self';connect-src 'self' https://*;default-src 'self';base-uri 'self';font-src 'self' https: data:;form-action 'self';frame-ancestors 'self';object-src 'none';script-src-attr 'none';style-src 'self' https: 'unsafe-inline'",
          'X-Powered-By',
          'Directus',
          'Vary',
          'Origin',
          'Access-Control-Allow-Credentials',
          'true',
          'Access-Control-Expose-Headers',
          'Content-Range',
          'ETag',
          'W/"66-Nud5VyBm1ylGuQBca9jYWsctOKg"'
        ],
        rawTrailers: [],
        joinDuplicateHeaders: undefined,
        aborted: false,
        upgrade: false,
        url: '',
        method: null,
        statusCode: 500,
        statusMessage: 'Internal Server Error',
        client: <ref *1> Socket {
          connecting: false,
          _hadError: false,
          _parent: null,
          _host: 'oa.m.com',
          _closeAfterHandlingError: false,
          _events: {
            close: [Function: onClose],
            error: [Function],
            prefinish: undefined,
            finish: undefined,
            drain: undefined,
            data: undefined,
            end: [Function: onReadableStreamEnd],
            readable: undefined,
            connect: undefined,
            free: [Function: onFree],
            timeout: [Function: onTimeout],
            agentRemove: [Function: onRemove]
          },
          _readableState: ReadableState {
            highWaterMark: 16384,
            buffer: [],
            bufferIndex: 0,
            length: 0,
            pipes: [],
            awaitDrainWriters: null,
            [Symbol(kState)]: 60303620
          },
          _writableState: WritableState {
            highWaterMark: 16384,
            length: 0,
            corked: 0,
            onwrite: [Function: bound onwrite],
            writelen: 0,
            bufferedIndex: 0,
            pendingcb: 0,
            [Symbol(kState)]: 17563908,
            [Symbol(kBufferedValue)]: null,
            [Symbol(kWriteCbValue)]: [Function (anonymous)]
          },
          allowHalfOpen: false,
          _maxListeners: undefined,
          _eventsCount: 6,
          _sockname: null,
          _pendingData: null,
          _pendingEncoding: '',
          server: null,
          _server: null,
          timeout: 5000,
          parser: null,
          _httpMessage: null,
          [Symbol(async_id_symbol)]: -1,
          [Symbol(kHandle)]: TCP {
            reading: true,
            onconnection: null,
            [Symbol(owner_symbol)]: [Circular *1]
          },
          [Symbol(lastWriteQueueSize)]: 0,
          [Symbol(timeout)]: <ref *2> Timeout {
            _idleTimeout: 5000,
            _idlePrev: [TimersList],
            _idleNext: [TimersList],
            _idleStart: 269074180,
            _onTimeout: [Function: bound ],
            _timerArgs: undefined,
            _repeat: null,
            _destroyed: false,
            [Symbol(refed)]: false,
            [Symbol(kHasPrimitive)]: false,
            [Symbol(asyncId)]: 1773207,
            [Symbol(triggerId)]: 1773205
          },
          [Symbol(kBuffer)]: null,
          [Symbol(kBufferCb)]: null,
          [Symbol(kBufferGen)]: null,
          [Symbol(shapeMode)]: true,
          [Symbol(kCapture)]: false,
          [Symbol(kSetNoDelay)]: true,
          [Symbol(kSetKeepAlive)]: true,
          [Symbol(kSetKeepAliveInitialDelay)]: 1,
          [Symbol(kBytesRead)]: 0,
          [Symbol(kBytesWritten)]: 0
        },
        _consuming: false,
        _dumped: false,
        req: [Circular *3],
        _eventsCount: 4,
        responseUrl: 'http://oa.m.com/items/jst_run_log?access_token=ZhLYyVxKnTCFktRuA4jAHBl9uLwACLBn',
        redirects: [],
        [Symbol(shapeMode)]: true,
        [Symbol(kCapture)]: false,
        [Symbol(kHeaders)]: {
          server: 'nginx/1.18.0 (Ubuntu)',
          date: 'Thu, 18 Jul 2024 06:17:35 GMT',
          'content-type': 'application/json; charset=utf-8',
          'content-length': '102',
          connection: 'keep-alive',
          'content-security-policy': "script-src 'self' 'unsafe-eval';worker-src 'self' blob:;child-src 'self' blob:;img-src 'self' data: blob:;media-src 'self';connect-src 'self' https://*;default-src 'self';base-uri 'self';font-src 'self' https: data:;form-action 'self';frame-ancestors 'self';object-src 'none';script-src-attr 'none';style-src 'self' https: 'unsafe-inline'",
          'x-powered-by': 'Directus',
          vary: 'Origin',
          'access-control-allow-credentials': 'true',
          'access-control-expose-headers': 'Content-Range',
          etag: 'W/"66-Nud5VyBm1ylGuQBca9jYWsctOKg"'
        },
        [Symbol(kHeadersCount)]: 22,
        [Symbol(kTrailers)]: null,
        [Symbol(kTrailersCount)]: 0
      },
      aborted: false,
      timeoutCb: null,
      upgradeOrConnect: false,
      parser: null,
      maxHeadersCount: null,
      reusedSocket: false,
      host: 'oa.m.com',
      protocol: 'http:',
      _redirectable: Writable {
        _events: {
          close: undefined,
          error: [Function: handleRequestError],
          prefinish: undefined,
          finish: undefined,
          drain: undefined,
          response: [Function: handleResponse],
          socket: [Function: handleRequestSocket]
        },
        _writableState: WritableState {
          highWaterMark: 16384,
          length: 0,
          corked: 0,
          onwrite: [Function: bound onwrite],
          writelen: 0,
          bufferedIndex: 0,
          pendingcb: 0,
          [Symbol(kState)]: 17580812,
          [Symbol(kBufferedValue)]: null
        },
        _maxListeners: undefined,
        _options: {
          maxRedirects: 21,
          maxBodyLength: Infinity,
          protocol: 'http:',
          path: '/items/jst_run_log?access_token=ZhLYyVxKnTCFktRuA4jAHBl9uLwACLBn',
          method: 'POST',
          headers: [Object: null prototype] {
            Accept: 'application/json, text/plain, */*',
            'Content-Type': 'application/json',
            'User-Agent': 'axios/1.7.2',
            'Content-Length': '154',
            'Accept-Encoding': 'gzip, compress, deflate, br'
          },
          agents: { http: undefined, https: undefined },
          auth: undefined,
          family: undefined,
          beforeRedirect: [Function: dispatchBeforeRedirect],
          beforeRedirects: { proxy: [Function: beforeRedirect] },
          hostname: 'oa.m.com',
          port: '',
          agent: undefined,
          nativeProtocols: { 'http:': [Object], 'https:': [Object] },
          pathname: '/items/jst_run_log',
          search: '?access_token=ZhLYyVxKnTCFktRuA4jAHBl9uLwACLBn'
        },
        _ended: true,
        _ending: true,
        _redirectCount: 0,
        _redirects: [],
        _requestBodyLength: 154,
        _requestBodyBuffers: [],
        _eventsCount: 3,
        _onNativeResponse: [Function (anonymous)],
        _currentRequest: [Circular *3],
        _currentUrl: 'http://oa.m.com/items/jst_run_log?access_token=ZhLYyVxKnTCFktRuA4jAHBl9uLwACLBn',
        [Symbol(shapeMode)]: true,
        [Symbol(kCapture)]: false
      },
      [Symbol(shapeMode)]: false,
      [Symbol(kCapture)]: false,
      [Symbol(kBytesWritten)]: 0,
      [Symbol(kNeedDrain)]: false,
      [Symbol(corked)]: 0,
      [Symbol(kOutHeaders)]: [Object: null prototype] {
        accept: [ 'Accept', 'application/json, text/plain, */*' ],
        'content-type': [ 'Content-Type', 'application/json' ],
        'user-agent': [ 'User-Agent', 'axios/1.7.2' ],
        'content-length': [ 'Content-Length', '154' ],
        'accept-encoding': [ 'Accept-Encoding', 'gzip, compress, deflate, br' ],
        host: [ 'Host', 'oa.m.com' ]
      },
      [Symbol(errored)]: null,
      [Symbol(kHighWaterMark)]: 16384,
      [Symbol(kRejectNonStandardBodyWrites)]: false,
      [Symbol(kUniqueHeaders)]: null
    },
    data: {
      errors: [
        {
          message: 'An unexpected error occurred.',
          extensions: { code: 'INTERNAL_SERVER_ERROR' }
        }
      ]
    }
  }
}

Node.js v20.13.0
